<?xml version="1.0" encoding="UTF-8"?>
<!-- Generated by org.testng.reporters.JUnitReportReporter -->
<testsuite hostname="DESKTOP-M8HIAP6" failures="0" tests="1" name="com.selenium.LoginTest" time="6.678" errors="0" timestamp="2025-08-10T15:25:48 IST" skipped="0">
  <testcase classname="com.selenium.LoginTest" name="dragAndDropTest" time="6.678"/>
</testsuite> <!-- com.selenium.LoginTest -->
