<?xml version="1.0" encoding="UTF-8"?>
<!-- Generated by org.testng.reporters.JUnitReportReporter -->
<testsuite hostname="DESKTOP-M8HIAP6" failures="0" tests="1" name="com.selenium.LoginTest" time="5.901" errors="0" timestamp="2025-08-10T16:45:32 IST" skipped="0">
  <testcase classname="com.selenium.LoginTest" name="dragAndDropTest" time="5.901"/>
</testsuite> <!-- com.selenium.LoginTest -->
